  1  rm ~/.bash_history
  2  history
  3  mkdir -p LINUX_Course_Project/{DOWNLOADS,CODE,DATA,BACKUPS,Work/Q{1..4}}
  4  cd ./LINUX_Course_Project/
  5  wget https://github.com/Telhai-Git/LINUX_COURSE_WORK/archive/refs/tags/downloads.tar.gz
  6  sudo apt install wget
  7  git status
  8  git commit -m "first commit"
  9  git push
 10  cd ./LINUX_Course_Project/
 11  history
 12  git status
 13  sudo apt install wget
 14  wget https://github.com/Telhai-Git/LINUX_COURSE_WORK/archive/refs/tags/downloads.tar.gz 
 15  tar -xvzf downloads.tar.gz -C ./DOWNLOADS/
 16  git add . 
 17  git commit -m "extract downloads to DOWNLOADS"
 18  rm downloads.tar.gz 
 19  git checkout -b BR_Q1
 20  cp ./DOWNLOADS/LINUX_COURSE_WORK-downloads/*.py ./CODE/ -r
 21  cp ./DOWNLOADS/LINUX_COURSE_WORK-downloads/*.{txt,jpg,csv} ./DATA/ -r
 22  touch ./Work/Q1/q1_output.txt
 23  cd ./Work/Q1
 24  echo Time: $(date) >> q1_output.txt 
 25  echo USER DETAILS: $(grep "^$(whoami):" /etc/passwd) >> q1_output.txt 
 26  echo REPO: $(git rev-parse --show-toplevel) >> q1_output.txt 
 27  echo GithubUrl: $(git remote get-url origin) >> q1_output.txt 
 28  echo VERSIONID: $(grep '^VERSION_ID=' /etc/os-release | cut -d '=' -f2 | tr -d '"') >> q1_output.txt 
 29  echo ------------------------------------------- >> q1_output.txt 
 30  tree "$(git rev-parse --show-toplevel)" >> q1_output.txt 
 31  echo ------------------------------------------- >> q1_output.txt 
 32  find ~ -type f -name "*.sh" >> q1_output.txt 
 33  git add .
 34  git commit -m "second commit"
 35  git push -u origin BR_Q1 
 36  git checkout main 
 37  git merge BR_Q1 
 38  git push
 39  history | grep commit
 40  git log --oneline --graph --decorate --all | tee git_commits.log
 41  touch Work/Q1/history.log
 42  git add .
 43  history >> Work/Q1/history.log
 44  history >> Work/Q1/history.log
